-i ../Carabus_no_out.fas.unique -b 50 -e 2000 -m 20 -z 150 Threshold: 1 1.5
514
Round: 0 Block: 14: 1
Round: 0 Block: 27: 3
Round: 0 Block: 39: 9
Round: 0 Block: 1: 6
Round: 0 Block: 28: 1
Round: 0 Block: 15: 1
Round: 0 Block: 40: 5
Round: 0 Block: 2: 6
Round: 0 Block: 16: 1
Round: 0 Block: 29: 2
Round: 0 Block: 41: 8
Round: 0 Block: 3: 3
Round: 0 Block: 30: 2
Round: 0 Block: 17: 1
Round: 0 Block: 42: 3
Round: 0 Block: 31: 1
Round: 0 Block: 4: 8
Round: 0 Block: 18: 1
Round: 0 Block: 43: 5
Round: 0 Block: 32: 2
Round: 0 Block: 5: 1
Round: 0 Block: 19: 1
Round: 0 Block: 6: 2
Round: 0 Block: 44: 1
Round: 0 Block: 7: 2
Round: 0 Block: 20: 1
Round: 0 Block: 33: 5
Round: 0 Block: 8: 4
Round: 0 Block: 21: 4
Round: 0 Block: 34: 6
Round: 0 Block: 45: 1
Round: 0 Block: 35: 5
Round: 0 Block: 9: 5
Round: 0 Block: 22: 3
Round: 0 Block: 46: 2
Round: 0 Block: 36: 8
Round: 0 Block: 10: 2
Round: 0 Block: 23: 4
Round: 0 Block: 11: 1
Round: 0 Block: 37: 4
Round: 0 Block: 12: 1
Round: 0 Block: 47: 2
Round: 0 Block: 24: 1
Round: 0 Block: 13: 1
Round: 0 Block: 38: 2
Round: 0 Block: 25: 6
Round: 0 Block: 48: 1
Round: 0 Block: 26: 3
Round: 0 Block: 49: 1
Round: 0 Block: 50: 7
Round: 1 Block: 1: 30
Round: 1 Block: 4: 31
Round: 1 Block: 3: 27
Round: 1 Block: 2: 24
Merging Using BC
Writing Output
