-i Carabus_no_out.fas.unique -b 100 -e 2000 -m 20 -z 100 Threshold: 1 1.5
514
Round: 0 Block: 76: 1
Round: 0 Block: 26: 1
Round: 0 Block: 51: 3
Round: 0 Block: 77: 4
Round: 0 Block: 27: 1
Round: 0 Block: 1: 4
Round: 0 Block: 52: 1
Round: 0 Block: 78: 5
Round: 0 Block: 28: 1
Round: 0 Block: 2: 2
Round: 0 Block: 53: 3
Round: 0 Block: 79: 4
Round: 0 Block: 29: 1
Round: 0 Block: 3: 3
Round: 0 Block: 54: 1
Round: 0 Block: 80: 1
Round: 0 Block: 30: 1
Round: 0 Block: 55: 1
Round: 0 Block: 4: 3
Round: 0 Block: 31: 1
Round: 0 Block: 56: 1
Round: 0 Block: 81: 4
Round: 0 Block: 5: 2
Round: 0 Block: 57: 1
Round: 0 Block: 82: 4
Round: 0 Block: 32: 1
Round: 0 Block: 6: 1
Round: 0 Block: 33: 2
Round: 0 Block: 83: 2
Round: 0 Block: 58: 3
Round: 0 Block: 84: 3
Round: 0 Block: 34: 1
Round: 0 Block: 7: 5
Round: 0 Block: 59: 1
Round: 0 Block: 35: 1
Round: 0 Block: 85: 1
Round: 0 Block: 60: 2
Round: 0 Block: 8: 4
Round: 0 Block: 61: 1
Round: 0 Block: 36: 1
Round: 0 Block: 86: 5
Round: 0 Block: 9: 1
Round: 0 Block: 62: 1
Round: 0 Block: 37: 1
Round: 0 Block: 10: 1
Round: 0 Block: 63: 1
Round: 0 Block: 87: 1
Round: 0 Block: 38: 1
Round: 0 Block: 11: 1
Round: 0 Block: 64: 2
Round: 0 Block: 12: 2
Round: 0 Block: 39: 1
Round: 0 Block: 88: 1
Round: 0 Block: 13: 1
Round: 0 Block: 40: 1
Round: 0 Block: 65: 1
Round: 0 Block: 14: 1
Round: 0 Block: 41: 1
Round: 0 Block: 66: 4
Round: 0 Block: 89: 2
Round: 0 Block: 15: 3
Round: 0 Block: 42: 3
Round: 0 Block: 16: 2
Round: 0 Block: 67: 4
Round: 0 Block: 90: 1
Round: 0 Block: 43: 3
Round: 0 Block: 68: 3
Round: 0 Block: 17: 4
Round: 0 Block: 69: 3
Round: 0 Block: 44: 1
Round: 0 Block: 91: 1
Round: 0 Block: 70: 2
Round: 0 Block: 18: 2
Round: 0 Block: 45: 2
Round: 0 Block: 71: 3
Round: 0 Block: 92: 1
Round: 0 Block: 46: 3
Round: 0 Block: 19: 2
Round: 0 Block: 72: 5
Round: 0 Block: 47: 2
Round: 0 Block: 73: 5
Round: 0 Block: 93: 1
Round: 0 Block: 20: 2
Round: 0 Block: 48: 1
Round: 0 Block: 21: 1
Round: 0 Block: 74: 2
Round: 0 Block: 22: 1
Round: 0 Block: 94: 1
Round: 0 Block: 49: 3
Round: 0 Block: 23: 1
Round: 0 Block: 75: 2
Round: 0 Block: 24: 1
Round: 0 Block: 25: 1
Round: 0 Block: 50: 4
Round: 0 Block: 95: 1
Round: 0 Block: 96: 1
Round: 0 Block: 97: 2
Round: 0 Block: 98: 1
Round: 0 Block: 99: 4
Round: 0 Block: 100: 4
Round: 1 Block: 3: 32
Round: 1 Block: 4: 31
Round: 1 Block: 1: 29
Round: 1 Block: 2: 28
Round: 2 Block: 1: 23
Round: 2 Block: 3: 24
Round: 2 Block: 2: 26
Round: 2 Block: 4: 25
Merging Using BC
Writing Output
